<?xml version="1.0" encoding="UTF-8"?>
<!-- Generated by org.testng.reporters.JUnitReportReporter -->
<testsuite hostname="LAPTOP-CCE5B3BJ" failures="0" tests="2" name="com.seleniumexcel.ExcelDataProvider" time="6.604" errors="0" timestamp="2021-12-19T08:57:18 IST" skipped="0">
  <testcase classname="com.seleniumexcel.ExcelDataProvider" name="test1" time="1.384"/>
  <system-out/>
  <testcase classname="com.seleniumexcel.ExcelDataProvider" name="test1" time="5.220"/>
  <system-out/>
</testsuite> <!-- com.seleniumexcel.ExcelDataProvider -->
