<?xml version="1.0" encoding="UTF-8"?>
<!-- Generated by org.testng.reporters.JUnitReportReporter -->
<testsuite hostname="LAPTOP-CCE5B3BJ" failures="0" tests="2" name="com.selenium.TestNg_usingIgnore" time="0.009" errors="0" timestamp="2021-12-21T11:36:01 IST" skipped="0">
  <testcase classname="com.selenium.TestNg_usingIgnore" name="Test1" time="0.008"/>
  <system-out/>
  <testcase classname="com.selenium.TestNg_usingIgnore" name="Test2" time="0.001"/>
  <system-out/>
</testsuite> <!-- com.selenium.TestNg_usingIgnore -->
