<?xml version="1.0" encoding="UTF-8"?>
<!-- Generated by org.testng.reporters.JUnitReportReporter -->
<testsuite hostname="LAPTOP-CCE5B3BJ" failures="0" tests="3" name="com.testNGlisteners.TestNGListenerDemo" time="14.284" errors="0" timestamp="2021-12-20T09:26:20 IST" skipped="1">
  <testcase classname="com.testNGlisteners.TestNGListenerDemo" name="Test2" time="14.275"/>
  <system-out/>
  <testcase classname="com.testNGlisteners.TestNGListenerDemo" name="Test1" time="0.007"/>
  <system-out/>
  <testcase classname="com.testNGlisteners.TestNGListenerDemo" name="Test3" time="0.002">
    <skipped/>
  </testcase> <!-- Test3 -->
  <system-out/>
</testsuite> <!-- com.testNGlisteners.TestNGListenerDemo -->
