<?xml version="1.0" encoding="UTF-8"?>
<!-- Generated by org.testng.reporters.JUnitReportReporter -->
<testsuite hostname="LAPTOP-CCE5B3BJ" failures="0" tests="3" name="com.selenium.TestNg_usingDependencies" time="0.018" errors="0" timestamp="2021-12-21T09:58:44 IST" skipped="0">
  <testcase classname="com.selenium.TestNg_usingDependencies" name="Test3" time="0.002"/>
  <system-out/>
  <testcase classname="com.selenium.TestNg_usingDependencies" name="Test2" time="0.014"/>
  <system-out/>
  <testcase classname="com.selenium.TestNg_usingDependencies" name="Test1" time="0.002"/>
  <system-out/>
</testsuite> <!-- com.selenium.TestNg_usingDependencies -->
