<?xml version="1.0" encoding="UTF-8"?>
<!-- Generated by org.testng.reporters.JUnitReportReporter -->
<testsuite hostname="LAPTOP-CCE5B3BJ" failures="0" tests="3" name="com.selenium.TestNg_usingPriority" time="0.007" errors="0" timestamp="2021-12-20T12:56:46 IST" skipped="0">
  <testcase classname="com.selenium.TestNg_usingPriority" name="Test3" time="0.006"/>
  <system-out/>
  <testcase classname="com.selenium.TestNg_usingPriority" name="Test1" time="0.001"/>
  <system-out/>
  <testcase classname="com.selenium.TestNg_usingPriority" name="Test2" time="0.000"/>
  <system-out/>
</testsuite> <!-- com.selenium.TestNg_usingPriority -->
