<?xml version="1.0" encoding="UTF-8"?>
<!-- Generated by org.testng.reporters.JUnitReportReporter -->
<testsuite hostname="LAPTOP-CCE5B3BJ" failures="0" tests="1" name="com.selenium.TestNG_usingParameters" time="0.007" errors="0" timestamp="2021-12-22T16:31:09 IST" skipped="0">
  <testcase classname="com.selenium.TestNG_usingParameters" name="ParametersTest" time="0.007"/>
  <system-out/>
</testsuite> <!-- com.selenium.TestNG_usingParameters -->
