<?xml version="1.0" encoding="UTF-8"?>
<!-- Generated by org.testng.reporters.JUnitReportReporter -->
<testsuite hostname="LAPTOP-CCE5B3BJ" failures="0" tests="3" name="com.selenium.Grouping" time="0.009" errors="0" timestamp="2021-12-20T16:54:56 IST" skipped="0">
  <testcase classname="com.selenium.Grouping" name="Test1" time="0.007"/>
  <system-out/>
  <testcase classname="com.selenium.Grouping" name="Test4" time="0.000"/>
  <system-out/>
  <testcase classname="com.selenium.Grouping" name="Test2" time="0.002"/>
  <system-out/>
</testsuite> <!-- com.selenium.Grouping -->
